Determining if the pthread_create exist failed with the following output:
Change Dir: /home/allensll/github/hen/examples/CMakeFiles/CMakeTmp

Run Build Command:"/usr/bin/make" "cmTC_401da/fast"
make[1]: Entering directory '/home/allensll/github/hen/examples/CMakeFiles/CMakeTmp'
/usr/bin/make -f CMakeFiles/cmTC_401da.dir/build.make CMakeFiles/cmTC_401da.dir/build
make[2]: Entering directory '/home/allensll/github/hen/examples/CMakeFiles/CMakeTmp'
Building C object CMakeFiles/cmTC_401da.dir/CheckSymbolExists.c.o
/usr/bin/cc    -o CMakeFiles/cmTC_401da.dir/CheckSymbolExists.c.o   -c /home/allensll/github/hen/examples/CMakeFiles/CMakeTmp/CheckSymbolExists.c
Linking C executable cmTC_401da
/usr/local/cmake/bin/cmake -E cmake_link_script CMakeFiles/cmTC_401da.dir/link.txt --verbose=1
/usr/bin/cc      CMakeFiles/cmTC_401da.dir/CheckSymbolExists.c.o  -o cmTC_401da 
CMakeFiles/cmTC_401da.dir/CheckSymbolExists.c.o: In function `main':
CheckSymbolExists.c:(.text+0x16): undefined reference to `pthread_create'
collect2: error: ld returned 1 exit status
CMakeFiles/cmTC_401da.dir/build.make:86: recipe for target 'cmTC_401da' failed
make[2]: *** [cmTC_401da] Error 1
make[2]: Leaving directory '/home/allensll/github/hen/examples/CMakeFiles/CMakeTmp'
Makefile:121: recipe for target 'cmTC_401da/fast' failed
make[1]: *** [cmTC_401da/fast] Error 2
make[1]: Leaving directory '/home/allensll/github/hen/examples/CMakeFiles/CMakeTmp'

File /home/allensll/github/hen/examples/CMakeFiles/CMakeTmp/CheckSymbolExists.c:
/* */
#include <pthread.h>

int main(int argc, char** argv)
{
  (void)argv;
#ifndef pthread_create
  return ((int*)(&pthread_create))[argc];
#else
  (void)argc;
  return 0;
#endif
}

